<?xml version="1.0" encoding="UTF-8"?>
<testsuite xmlns:xsi="http://www.w3.org/2001/XMLSchema-instance" xsi:noNamespaceSchemaLocation="https://maven.apache.org/surefire/maven-surefire-plugin/xsd/surefire-test-report-3.0.xsd" version="3.0" name="ma.digitbank.jeespringangularjwtdigitalbanking.JeeSpringAngularJwtDigitalBankingApplicationTests" time="11.878" tests="1" errors="0" skipped="0" failures="0">
  <properties>
[...]
</properties>
  <testcase name="contextLoads" classname="ma.digitbank.jeespringangularjwtdigitalbanking.JeeSpringAngularJwtDigitalBankingApplicationTests" time="0.799">
    <system-out><![CDATA[03:38:34.870 [main] INFO org.springframework.test.context.support.AnnotationConfigContextLoaderUtils -- Could not detect default configuration classes for test class [ma.digitbank.jeespringangularjwtdigitalbanking.JeeSpringAngularJwtDigitalBankingApplicationTests]: JeeSpringAngularJwtDigitalBankingApplicationTests does not declare any static, non-private, non-final, nested classes annotated with @Configuration.
03:38:35.017 [main] INFO org.springframework.boot.test.context.SpringBootTestContextBootstrapper -- Found @SpringBootConfiguration ma.digitbank.jeespringangularjwtdigitalbanking.JeeSpringAngularJwtDigitalBankingApplication for test class ma.digitbank.jeespringangularjwtdigitalbanking.JeeSpringAngularJwtDigitalBankingApplicationTests
03:38:35.331 [main] INFO org.springframework.boot.devtools.restart.RestartApplicationListener -- Restart disabled due to context in which it is running

  .   ____          _            __ _ _
 /\\ / ___'_ __ _ _(_)_ __  __ _ \ \ \ \
( ( )\___ | '_ | '_| | '_ \/ _` | \ \ \ \
 \\/  ___)| |_)| | | | | || (_| |  ) ) ) )
  '  |____| .__|_| |_|_| |_\__, | / / / /
 =========|_|==============|___/=/_/_/_/
 :: Spring Boot ::                (v3.2.3)

2025-05-29T03:38:35.708+01:00  INFO 1900 --- [JEE-Spring-Angular-JWT---Digital-Banking] [           main] AngularJwtDigitalBankingApplicationTests : Starting JeeSpringAngularJwtDigitalBankingApplicationTests using Java 17.0.12 with PID 1900 (started by oxenox in C:\Users\oxenox\Desktop\digitalBanking\digitalbanking-backend)
2025-05-29T03:38:35.709+01:00 DEBUG 1900 --- [JEE-Spring-Angular-JWT---Digital-Banking] [           main] AngularJwtDigitalBankingApplicationTests : Running with Spring Boot v3.2.3, Spring v6.1.4
2025-05-29T03:38:35.710+01:00  INFO 1900 --- [JEE-Spring-Angular-JWT---Digital-Banking] [           main] AngularJwtDigitalBankingApplicationTests : No active profile set, falling back to 1 default profile: "default"
2025-05-29T03:38:37.335+01:00  INFO 1900 --- [JEE-Spring-Angular-JWT---Digital-Banking] [           main] .s.d.r.c.RepositoryConfigurationDelegate : Bootstrapping Spring Data JPA repositories in DEFAULT mode.
2025-05-29T03:38:37.446+01:00  INFO 1900 --- [JEE-Spring-Angular-JWT---Digital-Banking] [           main] .s.d.r.c.RepositoryConfigurationDelegate : Finished Spring Data repository scanning in 98 ms. Found 5 JPA repository interfaces.
2025-05-29T03:38:38.435+01:00  INFO 1900 --- [JEE-Spring-Angular-JWT---Digital-Banking] [           main] o.hibernate.jpa.internal.util.LogHelper  : HHH000204: Processing PersistenceUnitInfo [name: default]
2025-05-29T03:38:38.590+01:00  INFO 1900 --- [JEE-Spring-Angular-JWT---Digital-Banking] [           main] org.hibernate.Version                    : HHH000412: Hibernate ORM core version 6.4.4.Final
2025-05-29T03:38:38.669+01:00  INFO 1900 --- [JEE-Spring-Angular-JWT---Digital-Banking] [           main] o.h.c.internal.RegionFactoryInitiator    : HHH000026: Second-level cache disabled
2025-05-29T03:38:39.237+01:00  INFO 1900 --- [JEE-Spring-Angular-JWT---Digital-Banking] [           main] o.s.o.j.p.SpringPersistenceUnitInfo      : No LoadTimeWeaver setup: ignoring JPA class transformer
2025-05-29T03:38:39.291+01:00  INFO 1900 --- [JEE-Spring-Angular-JWT---Digital-Banking] [           main] com.zaxxer.hikari.HikariDataSource       : HikariPool-1 - Starting...
2025-05-29T03:38:39.708+01:00  INFO 1900 --- [JEE-Spring-Angular-JWT---Digital-Banking] [           main] com.zaxxer.hikari.pool.HikariPool        : HikariPool-1 - Added connection conn0: url=jdbc:h2:mem:testdb user=SA
2025-05-29T03:38:39.711+01:00  INFO 1900 --- [JEE-Spring-Angular-JWT---Digital-Banking] [           main] com.zaxxer.hikari.HikariDataSource       : HikariPool-1 - Start completed.
2025-05-29T03:38:39.754+01:00  WARN 1900 --- [JEE-Spring-Angular-JWT---Digital-Banking] [           main] org.hibernate.orm.deprecation            : HHH90000025: H2Dialect does not need to be specified explicitly using 'hibernate.dialect' (remove the property setting and it will be selected by default)
2025-05-29T03:38:41.419+01:00  INFO 1900 --- [JEE-Spring-Angular-JWT---Digital-Banking] [           main] o.h.e.t.j.p.i.JtaPlatformInitiator       : HHH000489: No JTA platform available (set 'hibernate.transaction.jta.platform' to enable JTA platform integration)
Hibernate: 
    create table account_operation (
        id bigint generated by default as identity,
        amount float(53) not null,
        created_by varchar(255),
        description varchar(255),
        operation_date timestamp(6),
        type varchar(255) check (type in ('DEBIT','CREDIT')),
        bank_account_id varchar(255),
        primary key (id)
    )
Hibernate: 
    create table app_role (
        id bigint generated by default as identity,
        role_name varchar(255),
        primary key (id)
    )
Hibernate: 
    create table app_user (
        id bigint generated by default as identity,
        active boolean not null,
        password varchar(255),
        username varchar(255),
        primary key (id)
    )
Hibernate: 
    create table app_user_roles (
        app_user_id bigint not null,
        roles_id bigint not null
    )
Hibernate: 
    create table bank_account (
        type varchar(10) not null,
        id varchar(255) not null,
        balance float(53) not null,
        created_at timestamp(6),
        created_by varchar(255),
        currency varchar(255),
        last_modified_by varchar(255),
        status varchar(255) check (status in ('CREATED','ACTIVATED','SUSPENDED','BLOCKED')),
        over_draft float(53),
        interest_rate float(53),
        customer_id bigint,
        primary key (id)
    )
Hibernate: 
    create table customer (
        id bigint generated by default as identity,
        created_by varchar(255),
        email varchar(255),
        last_modified_by varchar(255),
        name varchar(255),
        phone varchar(255),
        primary key (id)
    )
Hibernate: 
    alter table if exists app_user 
       drop constraint if exists UK_3k4cplvh82srueuttfkwnylq0
Hibernate: 
    alter table if exists app_user 
       add constraint UK_3k4cplvh82srueuttfkwnylq0 unique (username)
Hibernate: 
    alter table if exists account_operation 
       add constraint FKmimm8esca3p6ux3s6bdwvu1cn 
       foreign key (bank_account_id) 
       references bank_account
Hibernate: 
    alter table if exists app_user_roles 
       add constraint FK1pfb2loa8so5oi6ak7rh6enva 
       foreign key (roles_id) 
       references app_role
Hibernate: 
    alter table if exists app_user_roles 
       add constraint FKkwxexnudtp5gmt82j0qtytnoe 
       foreign key (app_user_id) 
       references app_user
Hibernate: 
    alter table if exists bank_account 
       add constraint FKj818ht4ban0c4uw4bmsbf3jme 
       foreign key (customer_id) 
       references customer
2025-05-29T03:38:41.525+01:00  INFO 1900 --- [JEE-Spring-Angular-JWT---Digital-Banking] [           main] j.LocalContainerEntityManagerFactoryBean : Initialized JPA EntityManagerFactory for persistence unit 'default'
2025-05-29T03:38:42.067+01:00  INFO 1900 --- [JEE-Spring-Angular-JWT---Digital-Banking] [           main] o.s.d.j.r.query.QueryEnhancerFactory     : Hibernate is in classpath; If applicable, HQL parser will be used.
2025-05-29T03:38:43.033+01:00  WARN 1900 --- [JEE-Spring-Angular-JWT---Digital-Banking] [           main] JpaBaseConfiguration$JpaWebConfiguration : spring.jpa.open-in-view is enabled by default. Therefore, database queries may be performed during view rendering. Explicitly configure spring.jpa.open-in-view to disable this warning
2025-05-29T03:38:43.631+01:00  INFO 1900 --- [JEE-Spring-Angular-JWT---Digital-Banking] [           main] o.s.s.web.DefaultSecurityFilterChain     : Will secure any request with [org.springframework.security.web.session.DisableEncodeUrlFilter@24d998ba, org.springframework.security.web.context.request.async.WebAsyncManagerIntegrationFilter@3f514364, org.springframework.security.web.context.SecurityContextHolderFilter@1f9009d3, org.springframework.security.web.header.HeaderWriterFilter@299022a9, org.springframework.web.filter.CorsFilter@33544cc5, org.springframework.security.web.authentication.logout.LogoutFilter@2fc2d1f0, ma.digitbank.jeespringangularjwtdigitalbanking.security.filter.JwtAuthenticationFilter@475454ae, org.springframework.security.web.savedrequest.RequestCacheAwareFilter@56394880, org.springframework.security.web.servletapi.SecurityContextHolderAwareRequestFilter@23c3f787, org.springframework.security.web.authentication.AnonymousAuthenticationFilter@99e03a9, org.springframework.security.web.session.SessionManagementFilter@7f6c85c4, org.springframework.security.web.access.ExceptionTranslationFilter@113a7d12, org.springframework.security.web.access.intercept.AuthorizationFilter@3b30409]
2025-05-29T03:38:44.297+01:00  INFO 1900 --- [JEE-Spring-Angular-JWT---Digital-Banking] [           main] o.s.b.a.h2.H2ConsoleAutoConfiguration    : H2 console available at '/h2-console'. Database available at 'jdbc:h2:mem:testdb'
2025-05-29T03:38:44.422+01:00  INFO 1900 --- [JEE-Spring-Angular-JWT---Digital-Banking] [           main] AngularJwtDigitalBankingApplicationTests : Started JeeSpringAngularJwtDigitalBankingApplicationTests in 9.121 seconds (process running for 10.586)
Hibernate: 
    select
        ar1_0.id,
        ar1_0.role_name 
    from
        app_role ar1_0 
    where
        ar1_0.role_name=?
Hibernate: 
    insert 
    into
        app_role
        (role_name, id) 
    values
        (?, default)
Hibernate: 
    select
        ar1_0.id,
        ar1_0.role_name 
    from
        app_role ar1_0 
    where
        ar1_0.role_name=?
Hibernate: 
    insert 
    into
        app_role
        (role_name, id) 
    values
        (?, default)
Hibernate: 
    select
        au1_0.id,
        au1_0.active,
        au1_0.password,
        au1_0.username 
    from
        app_user au1_0 
    where
        au1_0.username=?
Hibernate: 
    insert 
    into
        app_user
        (active, password, username, id) 
    values
        (?, ?, ?, default)
Hibernate: 
    select
        au1_0.id,
        au1_0.active,
        au1_0.password,
        au1_0.username 
    from
        app_user au1_0 
    where
        au1_0.username=?
Hibernate: 
    insert 
    into
        app_user
        (active, password, username, id) 
    values
        (?, ?, ?, default)
Hibernate: 
    select
        au1_0.id,
        au1_0.active,
        au1_0.password,
        au1_0.username 
    from
        app_user au1_0 
    where
        au1_0.username=?
Hibernate: 
    select
        r1_0.app_user_id,
        r1_1.id,
        r1_1.role_name 
    from
        app_user_roles r1_0 
    join
        app_role r1_1 
            on r1_1.id=r1_0.roles_id 
    where
        r1_0.app_user_id=?
Hibernate: 
    select
        ar1_0.id,
        ar1_0.role_name 
    from
        app_role ar1_0 
    where
        ar1_0.role_name=?
Hibernate: 
    insert 
    into
        app_user_roles
        (app_user_id, roles_id) 
    values
        (?, ?)
Hibernate: 
    select
        au1_0.id,
        au1_0.active,
        au1_0.password,
        au1_0.username 
    from
        app_user au1_0 
    where
        au1_0.username=?
Hibernate: 
    select
        r1_0.app_user_id,
        r1_1.id,
        r1_1.role_name 
    from
        app_user_roles r1_0 
    join
        app_role r1_1 
            on r1_1.id=r1_0.roles_id 
    where
        r1_0.app_user_id=?
Hibernate: 
    select
        ar1_0.id,
        ar1_0.role_name 
    from
        app_role ar1_0 
    where
        ar1_0.role_name=?
Hibernate: 
    delete 
    from
        app_user_roles 
    where
        app_user_id=?
Hibernate: 
    insert 
    into
        app_user_roles
        (app_user_id, roles_id) 
    values
        (?, ?)
Hibernate: 
    insert 
    into
        app_user_roles
        (app_user_id, roles_id) 
    values
        (?, ?)
Hibernate: 
    select
        au1_0.id,
        au1_0.active,
        au1_0.password,
        au1_0.username 
    from
        app_user au1_0 
    where
        au1_0.username=?
Hibernate: 
    select
        r1_0.app_user_id,
        r1_1.id,
        r1_1.role_name 
    from
        app_user_roles r1_0 
    join
        app_role r1_1 
            on r1_1.id=r1_0.roles_id 
    where
        r1_0.app_user_id=?
Hibernate: 
    select
        ar1_0.id,
        ar1_0.role_name 
    from
        app_role ar1_0 
    where
        ar1_0.role_name=?
Hibernate: 
    insert 
    into
        app_user_roles
        (app_user_id, roles_id) 
    values
        (?, ?)
Seeding database with sample data...
2025-05-29T03:38:45.154+01:00  INFO 1900 --- [JEE-Spring-Angular-JWT---Digital-Banking] [           main] m.d.j.services.BankAccountServiceImpl    : Saving new Customer
Hibernate: 
    insert 
    into
        customer
        (created_by, email, last_modified_by, name, phone, id) 
    values
        (?, ?, ?, ?, ?, default)
Hibernate: 
    select
        c1_0.id,
        c1_0.created_by,
        c1_0.email,
        c1_0.last_modified_by,
        c1_0.name,
        c1_0.phone 
    from
        customer c1_0 
    where
        c1_0.id=?
Hibernate: 
    select
        ca1_0.id,
        ca1_0.balance,
        ca1_0.created_at,
        ca1_0.created_by,
        ca1_0.currency,
        c1_0.id,
        c1_0.created_by,
        c1_0.email,
        c1_0.last_modified_by,
        c1_0.name,
        c1_0.phone,
        ca1_0.last_modified_by,
        ca1_0.status,
        ca1_0.over_draft 
    from
        bank_account ca1_0 
    left join
        customer c1_0 
            on c1_0.id=ca1_0.customer_id 
    where
        ca1_0.type='CURRENT' 
        and ca1_0.id=?
Hibernate: 
    insert 
    into
        bank_account
        (balance, created_at, created_by, currency, customer_id, last_modified_by, status, over_draft, type, id) 
    values
        (?, ?, ?, ?, ?, ?, ?, ?, 'CURRENT', ?)
Hibernate: 
    select
        c1_0.id,
        c1_0.created_by,
        c1_0.email,
        c1_0.last_modified_by,
        c1_0.name,
        c1_0.phone 
    from
        customer c1_0 
    where
        c1_0.id=?
Hibernate: 
    select
        sa1_0.id,
        sa1_0.balance,
        sa1_0.created_at,
        sa1_0.created_by,
        sa1_0.currency,
        c1_0.id,
        c1_0.created_by,
        c1_0.email,
        c1_0.last_modified_by,
        c1_0.name,
        c1_0.phone,
        sa1_0.last_modified_by,
        sa1_0.status,
        sa1_0.interest_rate 
    from
        bank_account sa1_0 
    left join
        customer c1_0 
            on c1_0.id=sa1_0.customer_id 
    where
        sa1_0.type='SAVING' 
        and sa1_0.id=?
Hibernate: 
    insert 
    into
        bank_account
        (balance, created_at, created_by, currency, customer_id, last_modified_by, status, interest_rate, type, id) 
    values
        (?, ?, ?, ?, ?, ?, ?, ?, 'SAVING', ?)
2025-05-29T03:38:45.206+01:00  INFO 1900 --- [JEE-Spring-Angular-JWT---Digital-Banking] [           main] m.d.j.services.BankAccountServiceImpl    : Saving new Customer
Hibernate: 
    insert 
    into
        customer
        (created_by, email, last_modified_by, name, phone, id) 
    values
        (?, ?, ?, ?, ?, default)
Hibernate: 
    select
        c1_0.id,
        c1_0.created_by,
        c1_0.email,
        c1_0.last_modified_by,
        c1_0.name,
        c1_0.phone 
    from
        customer c1_0 
    where
        c1_0.id=?
Hibernate: 
    select
        ca1_0.id,
        ca1_0.balance,
        ca1_0.created_at,
        ca1_0.created_by,
        ca1_0.currency,
        c1_0.id,
        c1_0.created_by,
        c1_0.email,
        c1_0.last_modified_by,
        c1_0.name,
        c1_0.phone,
        ca1_0.last_modified_by,
        ca1_0.status,
        ca1_0.over_draft 
    from
        bank_account ca1_0 
    left join
        customer c1_0 
            on c1_0.id=ca1_0.customer_id 
    where
        ca1_0.type='CURRENT' 
        and ca1_0.id=?
Hibernate: 
    insert 
    into
        bank_account
        (balance, created_at, created_by, currency, customer_id, last_modified_by, status, over_draft, type, id) 
    values
        (?, ?, ?, ?, ?, ?, ?, ?, 'CURRENT', ?)
Hibernate: 
    select
        c1_0.id,
        c1_0.created_by,
        c1_0.email,
        c1_0.last_modified_by,
        c1_0.name,
        c1_0.phone 
    from
        customer c1_0 
    where
        c1_0.id=?
Hibernate: 
    select
        sa1_0.id,
        sa1_0.balance,
        sa1_0.created_at,
        sa1_0.created_by,
        sa1_0.currency,
        c1_0.id,
        c1_0.created_by,
        c1_0.email,
        c1_0.last_modified_by,
        c1_0.name,
        c1_0.phone,
        sa1_0.last_modified_by,
        sa1_0.status,
        sa1_0.interest_rate 
    from
        bank_account sa1_0 
    left join
        customer c1_0 
            on c1_0.id=sa1_0.customer_id 
    where
        sa1_0.type='SAVING' 
        and sa1_0.id=?
Hibernate: 
    insert 
    into
        bank_account
        (balance, created_at, created_by, currency, customer_id, last_modified_by, status, interest_rate, type, id) 
    values
        (?, ?, ?, ?, ?, ?, ?, ?, 'SAVING', ?)
2025-05-29T03:38:45.224+01:00  INFO 1900 --- [JEE-Spring-Angular-JWT---Digital-Banking] [           main] m.d.j.services.BankAccountServiceImpl    : Saving new Customer
Hibernate: 
    insert 
    into
        customer
        (created_by, email, last_modified_by, name, phone, id) 
    values
        (?, ?, ?, ?, ?, default)
Hibernate: 
    select
        c1_0.id,
        c1_0.created_by,
        c1_0.email,
        c1_0.last_modified_by,
        c1_0.name,
        c1_0.phone 
    from
        customer c1_0 
    where
        c1_0.id=?
Hibernate: 
    select
        ca1_0.id,
        ca1_0.balance,
        ca1_0.created_at,
        ca1_0.created_by,
        ca1_0.currency,
        c1_0.id,
        c1_0.created_by,
        c1_0.email,
        c1_0.last_modified_by,
        c1_0.name,
        c1_0.phone,
        ca1_0.last_modified_by,
        ca1_0.status,
        ca1_0.over_draft 
    from
        bank_account ca1_0 
    left join
        customer c1_0 
            on c1_0.id=ca1_0.customer_id 
    where
        ca1_0.type='CURRENT' 
        and ca1_0.id=?
Hibernate: 
    insert 
    into
        bank_account
        (balance, created_at, created_by, currency, customer_id, last_modified_by, status, over_draft, type, id) 
    values
        (?, ?, ?, ?, ?, ?, ?, ?, 'CURRENT', ?)
Hibernate: 
    select
        c1_0.id,
        c1_0.created_by,
        c1_0.email,
        c1_0.last_modified_by,
        c1_0.name,
        c1_0.phone 
    from
        customer c1_0 
    where
        c1_0.id=?
Hibernate: 
    select
        sa1_0.id,
        sa1_0.balance,
        sa1_0.created_at,
        sa1_0.created_by,
        sa1_0.currency,
        c1_0.id,
        c1_0.created_by,
        c1_0.email,
        c1_0.last_modified_by,
        c1_0.name,
        c1_0.phone,
        sa1_0.last_modified_by,
        sa1_0.status,
        sa1_0.interest_rate 
    from
        bank_account sa1_0 
    left join
        customer c1_0 
            on c1_0.id=sa1_0.customer_id 
    where
        sa1_0.type='SAVING' 
        and sa1_0.id=?
Hibernate: 
    insert 
    into
        bank_account
        (balance, created_at, created_by, currency, customer_id, last_modified_by, status, interest_rate, type, id) 
    values
        (?, ?, ?, ?, ?, ?, ?, ?, 'SAVING', ?)
2025-05-29T03:38:45.256+01:00  INFO 1900 --- [JEE-Spring-Angular-JWT---Digital-Banking] [           main] m.d.j.services.BankAccountServiceImpl    : Saving new Customer
Hibernate: 
    insert 
    into
        customer
        (created_by, email, last_modified_by, name, phone, id) 
    values
        (?, ?, ?, ?, ?, default)
Hibernate: 
    select
        c1_0.id,
        c1_0.created_by,
        c1_0.email,
        c1_0.last_modified_by,
        c1_0.name,
        c1_0.phone 
    from
        customer c1_0 
    where
        c1_0.id=?
Hibernate: 
    select
        ca1_0.id,
        ca1_0.balance,
        ca1_0.created_at,
        ca1_0.created_by,
        ca1_0.currency,
        c1_0.id,
        c1_0.created_by,
        c1_0.email,
        c1_0.last_modified_by,
        c1_0.name,
        c1_0.phone,
        ca1_0.last_modified_by,
        ca1_0.status,
        ca1_0.over_draft 
    from
        bank_account ca1_0 
    left join
        customer c1_0 
            on c1_0.id=ca1_0.customer_id 
    where
        ca1_0.type='CURRENT' 
        and ca1_0.id=?
Hibernate: 
    insert 
    into
        bank_account
        (balance, created_at, created_by, currency, customer_id, last_modified_by, status, over_draft, type, id) 
    values
        (?, ?, ?, ?, ?, ?, ?, ?, 'CURRENT', ?)
2025-05-29T03:38:45.266+01:00  INFO 1900 --- [JEE-Spring-Angular-JWT---Digital-Banking] [           main] m.d.j.services.BankAccountServiceImpl    : Saving new Customer
Hibernate: 
    insert 
    into
        customer
        (created_by, email, last_modified_by, name, phone, id) 
    values
        (?, ?, ?, ?, ?, default)
Hibernate: 
    select
        c1_0.id,
        c1_0.created_by,
        c1_0.email,
        c1_0.last_modified_by,
        c1_0.name,
        c1_0.phone 
    from
        customer c1_0 
    where
        c1_0.id=?
Hibernate: 
    select
        ca1_0.id,
        ca1_0.balance,
        ca1_0.created_at,
        ca1_0.created_by,
        ca1_0.currency,
        c1_0.id,
        c1_0.created_by,
        c1_0.email,
        c1_0.last_modified_by,
        c1_0.name,
        c1_0.phone,
        ca1_0.last_modified_by,
        ca1_0.status,
        ca1_0.over_draft 
    from
        bank_account ca1_0 
    left join
        customer c1_0 
            on c1_0.id=ca1_0.customer_id 
    where
        ca1_0.type='CURRENT' 
        and ca1_0.id=?
Hibernate: 
    insert 
    into
        bank_account
        (balance, created_at, created_by, currency, customer_id, last_modified_by, status, over_draft, type, id) 
    values
        (?, ?, ?, ?, ?, ?, ?, ?, 'CURRENT', ?)
Hibernate: 
    select
        c1_0.id,
        c1_0.created_by,
        c1_0.email,
        c1_0.last_modified_by,
        c1_0.name,
        c1_0.phone 
    from
        customer c1_0 
    where
        c1_0.id=?
Hibernate: 
    select
        sa1_0.id,
        sa1_0.balance,
        sa1_0.created_at,
        sa1_0.created_by,
        sa1_0.currency,
        c1_0.id,
        c1_0.created_by,
        c1_0.email,
        c1_0.last_modified_by,
        c1_0.name,
        c1_0.phone,
        sa1_0.last_modified_by,
        sa1_0.status,
        sa1_0.interest_rate 
    from
        bank_account sa1_0 
    left join
        customer c1_0 
            on c1_0.id=sa1_0.customer_id 
    where
        sa1_0.type='SAVING' 
        and sa1_0.id=?
Hibernate: 
    insert 
    into
        bank_account
        (balance, created_at, created_by, currency, customer_id, last_modified_by, status, interest_rate, type, id) 
    values
        (?, ?, ?, ?, ?, ?, ?, ?, 'SAVING', ?)
Hibernate: 
    select
        ba1_0.id,
        ba1_0.type,
        ba1_0.balance,
        ba1_0.created_at,
        ba1_0.created_by,
        ba1_0.currency,
        ba1_0.customer_id,
        ba1_0.last_modified_by,
        ba1_0.status,
        ba1_0.over_draft,
        ba1_0.interest_rate 
    from
        bank_account ba1_0
Hibernate: 
    select
        c1_0.id,
        c1_0.created_by,
        c1_0.email,
        c1_0.last_modified_by,
        c1_0.name,
        c1_0.phone 
    from
        customer c1_0 
    where
        c1_0.id=?
Hibernate: 
    select
        c1_0.id,
        c1_0.created_by,
        c1_0.email,
        c1_0.last_modified_by,
        c1_0.name,
        c1_0.phone 
    from
        customer c1_0 
    where
        c1_0.id=?
Hibernate: 
    select
        c1_0.id,
        c1_0.created_by,
        c1_0.email,
        c1_0.last_modified_by,
        c1_0.name,
        c1_0.phone 
    from
        customer c1_0 
    where
        c1_0.id=?
Hibernate: 
    select
        c1_0.id,
        c1_0.created_by,
        c1_0.email,
        c1_0.last_modified_by,
        c1_0.name,
        c1_0.phone 
    from
        customer c1_0 
    where
        c1_0.id=?
Hibernate: 
    select
        c1_0.id,
        c1_0.created_by,
        c1_0.email,
        c1_0.last_modified_by,
        c1_0.name,
        c1_0.phone 
    from
        customer c1_0 
    where
        c1_0.id=?
Hibernate: 
    select
        ba1_0.id,
        ba1_0.type,
        ba1_0.balance,
        ba1_0.created_at,
        ba1_0.created_by,
        ba1_0.currency,
        c1_0.id,
        c1_0.created_by,
        c1_0.email,
        c1_0.last_modified_by,
        c1_0.name,
        c1_0.phone,
        ba1_0.last_modified_by,
        ba1_0.status,
        ba1_0.over_draft,
        ba1_0.interest_rate 
    from
        bank_account ba1_0 
    left join
        customer c1_0 
            on c1_0.id=ba1_0.customer_id 
    where
        ba1_0.id=?
Hibernate: 
    insert 
    into
        account_operation
        (amount, bank_account_id, created_by, description, operation_date, type, id) 
    values
        (?, ?, ?, ?, ?, ?, default)
Hibernate: 
    update
        bank_account 
    set
        balance=?,
        created_at=?,
        created_by=?,
        currency=?,
        customer_id=?,
        last_modified_by=?,
        status=?,
        over_draft=? 
    where
        id=?
Hibernate: 
    select
        ba1_0.id,
        ba1_0.type,
        ba1_0.balance,
        ba1_0.created_at,
        ba1_0.created_by,
        ba1_0.currency,
        c1_0.id,
        c1_0.created_by,
        c1_0.email,
        c1_0.last_modified_by,
        c1_0.name,
        c1_0.phone,
        ba1_0.last_modified_by,
        ba1_0.status,
        ba1_0.over_draft,
        ba1_0.interest_rate 
    from
        bank_account ba1_0 
    left join
        customer c1_0 
            on c1_0.id=ba1_0.customer_id 
    where
        ba1_0.id=?
Hibernate: 
    insert 
    into
        account_operation
        (amount, bank_account_id, created_by, description, operation_date, type, id) 
    values
        (?, ?, ?, ?, ?, ?, default)
Hibernate: 
    update
        bank_account 
    set
        balance=?,
        created_at=?,
        created_by=?,
        currency=?,
        customer_id=?,
        last_modified_by=?,
        status=?,
        over_draft=? 
    where
        id=?
Hibernate: 
    select
        ba1_0.id,
        ba1_0.type,
        ba1_0.balance,
        ba1_0.created_at,
        ba1_0.created_by,
        ba1_0.currency,
        c1_0.id,
        c1_0.created_by,
        c1_0.email,
        c1_0.last_modified_by,
        c1_0.name,
        c1_0.phone,
        ba1_0.last_modified_by,
        ba1_0.status,
        ba1_0.over_draft,
        ba1_0.interest_rate 
    from
        bank_account ba1_0 
    left join
        customer c1_0 
            on c1_0.id=ba1_0.customer_id 
    where
        ba1_0.id=?
Hibernate: 
    insert 
    into
        account_operation
        (amount, bank_account_id, created_by, description, operation_date, type, id) 
    values
        (?, ?, ?, ?, ?, ?, default)
Hibernate: 
    update
        bank_account 
    set
        balance=?,
        created_at=?,
        created_by=?,
        currency=?,
        customer_id=?,
        last_modified_by=?,
        status=?,
        over_draft=? 
    where
        id=?
Hibernate: 
    select
        ba1_0.id,
        ba1_0.type,
        ba1_0.balance,
        ba1_0.created_at,
        ba1_0.created_by,
        ba1_0.currency,
        c1_0.id,
        c1_0.created_by,
        c1_0.email,
        c1_0.last_modified_by,
        c1_0.name,
        c1_0.phone,
        ba1_0.last_modified_by,
        ba1_0.status,
        ba1_0.over_draft,
        ba1_0.interest_rate 
    from
        bank_account ba1_0 
    left join
        customer c1_0 
            on c1_0.id=ba1_0.customer_id 
    where
        ba1_0.id=?
Hibernate: 
    insert 
    into
        account_operation
        (amount, bank_account_id, created_by, description, operation_date, type, id) 
    values
        (?, ?, ?, ?, ?, ?, default)
Hibernate: 
    update
        bank_account 
    set
        balance=?,
        created_at=?,
        created_by=?,
        currency=?,
        customer_id=?,
        last_modified_by=?,
        status=?,
        over_draft=? 
    where
        id=?
Hibernate: 
    select
        ba1_0.id,
        ba1_0.type,
        ba1_0.balance,
        ba1_0.created_at,
        ba1_0.created_by,
        ba1_0.currency,
        c1_0.id,
        c1_0.created_by,
        c1_0.email,
        c1_0.last_modified_by,
        c1_0.name,
        c1_0.phone,
        ba1_0.last_modified_by,
        ba1_0.status,
        ba1_0.over_draft,
        ba1_0.interest_rate 
    from
        bank_account ba1_0 
    left join
        customer c1_0 
            on c1_0.id=ba1_0.customer_id 
    where
        ba1_0.id=?
Hibernate: 
    insert 
    into
        account_operation
        (amount, bank_account_id, created_by, description, operation_date, type, id) 
    values
        (?, ?, ?, ?, ?, ?, default)
Hibernate: 
    update
        bank_account 
    set
        balance=?,
        created_at=?,
        created_by=?,
        currency=?,
        customer_id=?,
        last_modified_by=?,
        status=?,
        over_draft=? 
    where
        id=?
Hibernate: 
    select
        ba1_0.id,
        ba1_0.type,
        ba1_0.balance,
        ba1_0.created_at,
        ba1_0.created_by,
        ba1_0.currency,
        c1_0.id,
        c1_0.created_by,
        c1_0.email,
        c1_0.last_modified_by,
        c1_0.name,
        c1_0.phone,
        ba1_0.last_modified_by,
        ba1_0.status,
        ba1_0.over_draft,
        ba1_0.interest_rate 
    from
        bank_account ba1_0 
    left join
        customer c1_0 
            on c1_0.id=ba1_0.customer_id 
    where
        ba1_0.id=?
Hibernate: 
    insert 
    into
        account_operation
        (amount, bank_account_id, created_by, description, operation_date, type, id) 
    values
        (?, ?, ?, ?, ?, ?, default)
Hibernate: 
    update
        bank_account 
    set
        balance=?,
        created_at=?,
        created_by=?,
        currency=?,
        customer_id=?,
        last_modified_by=?,
        status=?,
        interest_rate=? 
    where
        id=?
Hibernate: 
    select
        ba1_0.id,
        ba1_0.type,
        ba1_0.balance,
        ba1_0.created_at,
        ba1_0.created_by,
        ba1_0.currency,
        c1_0.id,
        c1_0.created_by,
        c1_0.email,
        c1_0.last_modified_by,
        c1_0.name,
        c1_0.phone,
        ba1_0.last_modified_by,
        ba1_0.status,
        ba1_0.over_draft,
        ba1_0.interest_rate 
    from
        bank_account ba1_0 
    left join
        customer c1_0 
            on c1_0.id=ba1_0.customer_id 
    where
        ba1_0.id=?
Hibernate: 
    insert 
    into
        account_operation
        (amount, bank_account_id, created_by, description, operation_date, type, id) 
    values
        (?, ?, ?, ?, ?, ?, default)
Hibernate: 
    update
        bank_account 
    set
        balance=?,
        created_at=?,
        created_by=?,
        currency=?,
        customer_id=?,
        last_modified_by=?,
        status=?,
        interest_rate=? 
    where
        id=?
Hibernate: 
    select
        ba1_0.id,
        ba1_0.type,
        ba1_0.balance,
        ba1_0.created_at,
        ba1_0.created_by,
        ba1_0.currency,
        c1_0.id,
        c1_0.created_by,
        c1_0.email,
        c1_0.last_modified_by,
        c1_0.name,
        c1_0.phone,
        ba1_0.last_modified_by,
        ba1_0.status,
        ba1_0.over_draft,
        ba1_0.interest_rate 
    from
        bank_account ba1_0 
    left join
        customer c1_0 
            on c1_0.id=ba1_0.customer_id 
    where
        ba1_0.id=?
Hibernate: 
    insert 
    into
        account_operation
        (amount, bank_account_id, created_by, description, operation_date, type, id) 
    values
        (?, ?, ?, ?, ?, ?, default)
Hibernate: 
    update
        bank_account 
    set
        balance=?,
        created_at=?,
        created_by=?,
        currency=?,
        customer_id=?,
        last_modified_by=?,
        status=?,
        interest_rate=? 
    where
        id=?
Hibernate: 
    select
        ba1_0.id,
        ba1_0.type,
        ba1_0.balance,
        ba1_0.created_at,
        ba1_0.created_by,
        ba1_0.currency,
        c1_0.id,
        c1_0.created_by,
        c1_0.email,
        c1_0.last_modified_by,
        c1_0.name,
        c1_0.phone,
        ba1_0.last_modified_by,
        ba1_0.status,
        ba1_0.over_draft,
        ba1_0.interest_rate 
    from
        bank_account ba1_0 
    left join
        customer c1_0 
            on c1_0.id=ba1_0.customer_id 
    where
        ba1_0.id=?
Hibernate: 
    insert 
    into
        account_operation
        (amount, bank_account_id, created_by, description, operation_date, type, id) 
    values
        (?, ?, ?, ?, ?, ?, default)
Hibernate: 
    update
        bank_account 
    set
        balance=?,
        created_at=?,
        created_by=?,
        currency=?,
        customer_id=?,
        last_modified_by=?,
        status=?,
        interest_rate=? 
    where
        id=?
Hibernate: 
    select
        ba1_0.id,
        ba1_0.type,
        ba1_0.balance,
        ba1_0.created_at,
        ba1_0.created_by,
        ba1_0.currency,
        c1_0.id,
        c1_0.created_by,
        c1_0.email,
        c1_0.last_modified_by,
        c1_0.name,
        c1_0.phone,
        ba1_0.last_modified_by,
        ba1_0.status,
        ba1_0.over_draft,
        ba1_0.interest_rate 
    from
        bank_account ba1_0 
    left join
        customer c1_0 
            on c1_0.id=ba1_0.customer_id 
    where
        ba1_0.id=?
Hibernate: 
    insert 
    into
        account_operation
        (amount, bank_account_id, created_by, description, operation_date, type, id) 
    values
        (?, ?, ?, ?, ?, ?, default)
Hibernate: 
    update
        bank_account 
    set
        balance=?,
        created_at=?,
        created_by=?,
        currency=?,
        customer_id=?,
        last_modified_by=?,
        status=?,
        interest_rate=? 
    where
        id=?
Hibernate: 
    select
        ba1_0.id,
        ba1_0.type,
        ba1_0.balance,
        ba1_0.created_at,
        ba1_0.created_by,
        ba1_0.currency,
        c1_0.id,
        c1_0.created_by,
        c1_0.email,
        c1_0.last_modified_by,
        c1_0.name,
        c1_0.phone,
        ba1_0.last_modified_by,
        ba1_0.status,
        ba1_0.over_draft,
        ba1_0.interest_rate 
    from
        bank_account ba1_0 
    left join
        customer c1_0 
            on c1_0.id=ba1_0.customer_id 
    where
        ba1_0.id=?
Hibernate: 
    insert 
    into
        account_operation
        (amount, bank_account_id, created_by, description, operation_date, type, id) 
    values
        (?, ?, ?, ?, ?, ?, default)
Hibernate: 
    update
        bank_account 
    set
        balance=?,
        created_at=?,
        created_by=?,
        currency=?,
        customer_id=?,
        last_modified_by=?,
        status=?,
        over_draft=? 
    where
        id=?
Hibernate: 
    select
        ba1_0.id,
        ba1_0.type,
        ba1_0.balance,
        ba1_0.created_at,
        ba1_0.created_by,
        ba1_0.currency,
        c1_0.id,
        c1_0.created_by,
        c1_0.email,
        c1_0.last_modified_by,
        c1_0.name,
        c1_0.phone,
        ba1_0.last_modified_by,
        ba1_0.status,
        ba1_0.over_draft,
        ba1_0.interest_rate 
    from
        bank_account ba1_0 
    left join
        customer c1_0 
            on c1_0.id=ba1_0.customer_id 
    where
        ba1_0.id=?
Hibernate: 
    insert 
    into
        account_operation
        (amount, bank_account_id, created_by, description, operation_date, type, id) 
    values
        (?, ?, ?, ?, ?, ?, default)
Hibernate: 
    update
        bank_account 
    set
        balance=?,
        created_at=?,
        created_by=?,
        currency=?,
        customer_id=?,
        last_modified_by=?,
        status=?,
        over_draft=? 
    where
        id=?
Hibernate: 
    select
        ba1_0.id,
        ba1_0.type,
        ba1_0.balance,
        ba1_0.created_at,
        ba1_0.created_by,
        ba1_0.currency,
        c1_0.id,
        c1_0.created_by,
        c1_0.email,
        c1_0.last_modified_by,
        c1_0.name,
        c1_0.phone,
        ba1_0.last_modified_by,
        ba1_0.status,
        ba1_0.over_draft,
        ba1_0.interest_rate 
    from
        bank_account ba1_0 
    left join
        customer c1_0 
            on c1_0.id=ba1_0.customer_id 
    where
        ba1_0.id=?
Hibernate: 
    insert 
    into
        account_operation
        (amount, bank_account_id, created_by, description, operation_date, type, id) 
    values
        (?, ?, ?, ?, ?, ?, default)
Hibernate: 
    update
        bank_account 
    set
        balance=?,
        created_at=?,
        created_by=?,
        currency=?,
        customer_id=?,
        last_modified_by=?,
        status=?,
        over_draft=? 
    where
        id=?
Hibernate: 
    select
        ba1_0.id,
        ba1_0.type,
        ba1_0.balance,
        ba1_0.created_at,
        ba1_0.created_by,
        ba1_0.currency,
        c1_0.id,
        c1_0.created_by,
        c1_0.email,
        c1_0.last_modified_by,
        c1_0.name,
        c1_0.phone,
        ba1_0.last_modified_by,
        ba1_0.status,
        ba1_0.over_draft,
        ba1_0.interest_rate 
    from
        bank_account ba1_0 
    left join
        customer c1_0 
            on c1_0.id=ba1_0.customer_id 
    where
        ba1_0.id=?
Hibernate: 
    insert 
    into
        account_operation
        (amount, bank_account_id, created_by, description, operation_date, type, id) 
    values
        (?, ?, ?, ?, ?, ?, default)
Hibernate: 
    update
        bank_account 
    set
        balance=?,
        created_at=?,
        created_by=?,
        currency=?,
        customer_id=?,
        last_modified_by=?,
        status=?,
        over_draft=? 
    where
        id=?
Hibernate: 
    select
        ba1_0.id,
        ba1_0.type,
        ba1_0.balance,
        ba1_0.created_at,
        ba1_0.created_by,
        ba1_0.currency,
        c1_0.id,
        c1_0.created_by,
        c1_0.email,
        c1_0.last_modified_by,
        c1_0.name,
        c1_0.phone,
        ba1_0.last_modified_by,
        ba1_0.status,
        ba1_0.over_draft,
        ba1_0.interest_rate 
    from
        bank_account ba1_0 
    left join
        customer c1_0 
            on c1_0.id=ba1_0.customer_id 
    where
        ba1_0.id=?
Hibernate: 
    insert 
    into
        account_operation
        (amount, bank_account_id, created_by, description, operation_date, type, id) 
    values
        (?, ?, ?, ?, ?, ?, default)
Hibernate: 
    update
        bank_account 
    set
        balance=?,
        created_at=?,
        created_by=?,
        currency=?,
        customer_id=?,
        last_modified_by=?,
        status=?,
        over_draft=? 
    where
        id=?
Hibernate: 
    select
        ba1_0.id,
        ba1_0.type,
        ba1_0.balance,
        ba1_0.created_at,
        ba1_0.created_by,
        ba1_0.currency,
        c1_0.id,
        c1_0.created_by,
        c1_0.email,
        c1_0.last_modified_by,
        c1_0.name,
        c1_0.phone,
        ba1_0.last_modified_by,
        ba1_0.status,
        ba1_0.over_draft,
        ba1_0.interest_rate 
    from
        bank_account ba1_0 
    left join
        customer c1_0 
            on c1_0.id=ba1_0.customer_id 
    where
        ba1_0.id=?
Hibernate: 
    insert 
    into
        account_operation
        (amount, bank_account_id, created_by, description, operation_date, type, id) 
    values
        (?, ?, ?, ?, ?, ?, default)
Hibernate: 
    update
        bank_account 
    set
        balance=?,
        created_at=?,
        created_by=?,
        currency=?,
        customer_id=?,
        last_modified_by=?,
        status=?,
        interest_rate=? 
    where
        id=?
Hibernate: 
    select
        ba1_0.id,
        ba1_0.type,
        ba1_0.balance,
        ba1_0.created_at,
        ba1_0.created_by,
        ba1_0.currency,
        c1_0.id,
        c1_0.created_by,
        c1_0.email,
        c1_0.last_modified_by,
        c1_0.name,
        c1_0.phone,
        ba1_0.last_modified_by,
        ba1_0.status,
        ba1_0.over_draft,
        ba1_0.interest_rate 
    from
        bank_account ba1_0 
    left join
        customer c1_0 
            on c1_0.id=ba1_0.customer_id 
    where
        ba1_0.id=?
Hibernate: 
    insert 
    into
        account_operation
        (amount, bank_account_id, created_by, description, operation_date, type, id) 
    values
        (?, ?, ?, ?, ?, ?, default)
Hibernate: 
    update
        bank_account 
    set
        balance=?,
        created_at=?,
        created_by=?,
        currency=?,
        customer_id=?,
        last_modified_by=?,
        status=?,
        interest_rate=? 
    where
        id=?
Hibernate: 
    select
        ba1_0.id,
        ba1_0.type,
        ba1_0.balance,
        ba1_0.created_at,
        ba1_0.created_by,
        ba1_0.currency,
        c1_0.id,
        c1_0.created_by,
        c1_0.email,
        c1_0.last_modified_by,
        c1_0.name,
        c1_0.phone,
        ba1_0.last_modified_by,
        ba1_0.status,
        ba1_0.over_draft,
        ba1_0.interest_rate 
    from
        bank_account ba1_0 
    left join
        customer c1_0 
            on c1_0.id=ba1_0.customer_id 
    where
        ba1_0.id=?
Hibernate: 
    insert 
    into
        account_operation
        (amount, bank_account_id, created_by, description, operation_date, type, id) 
    values
        (?, ?, ?, ?, ?, ?, default)
Hibernate: 
    update
        bank_account 
    set
        balance=?,
        created_at=?,
        created_by=?,
        currency=?,
        customer_id=?,
        last_modified_by=?,
        status=?,
        interest_rate=? 
    where
        id=?
Hibernate: 
    select
        ba1_0.id,
        ba1_0.type,
        ba1_0.balance,
        ba1_0.created_at,
        ba1_0.created_by,
        ba1_0.currency,
        c1_0.id,
        c1_0.created_by,
        c1_0.email,
        c1_0.last_modified_by,
        c1_0.name,
        c1_0.phone,
        ba1_0.last_modified_by,
        ba1_0.status,
        ba1_0.over_draft,
        ba1_0.interest_rate 
    from
        bank_account ba1_0 
    left join
        customer c1_0 
            on c1_0.id=ba1_0.customer_id 
    where
        ba1_0.id=?
Hibernate: 
    insert 
    into
        account_operation
        (amount, bank_account_id, created_by, description, operation_date, type, id) 
    values
        (?, ?, ?, ?, ?, ?, default)
Hibernate: 
    update
        bank_account 
    set
        balance=?,
        created_at=?,
        created_by=?,
        currency=?,
        customer_id=?,
        last_modified_by=?,
        status=?,
        interest_rate=? 
    where
        id=?
Hibernate: 
    select
        ba1_0.id,
        ba1_0.type,
        ba1_0.balance,
        ba1_0.created_at,
        ba1_0.created_by,
        ba1_0.currency,
        c1_0.id,
        c1_0.created_by,
        c1_0.email,
        c1_0.last_modified_by,
        c1_0.name,
        c1_0.phone,
        ba1_0.last_modified_by,
        ba1_0.status,
        ba1_0.over_draft,
        ba1_0.interest_rate 
    from
        bank_account ba1_0 
    left join
        customer c1_0 
            on c1_0.id=ba1_0.customer_id 
    where
        ba1_0.id=?
Hibernate: 
    insert 
    into
        account_operation
        (amount, bank_account_id, created_by, description, operation_date, type, id) 
    values
        (?, ?, ?, ?, ?, ?, default)
Hibernate: 
    update
        bank_account 
    set
        balance=?,
        created_at=?,
        created_by=?,
        currency=?,
        customer_id=?,
        last_modified_by=?,
        status=?,
        interest_rate=? 
    where
        id=?
Hibernate: 
    select
        ba1_0.id,
        ba1_0.type,
        ba1_0.balance,
        ba1_0.created_at,
        ba1_0.created_by,
        ba1_0.currency,
        c1_0.id,
        c1_0.created_by,
        c1_0.email,
        c1_0.last_modified_by,
        c1_0.name,
        c1_0.phone,
        ba1_0.last_modified_by,
        ba1_0.status,
        ba1_0.over_draft,
        ba1_0.interest_rate 
    from
        bank_account ba1_0 
    left join
        customer c1_0 
            on c1_0.id=ba1_0.customer_id 
    where
        ba1_0.id=?
Hibernate: 
    insert 
    into
        account_operation
        (amount, bank_account_id, created_by, description, operation_date, type, id) 
    values
        (?, ?, ?, ?, ?, ?, default)
Hibernate: 
    update
        bank_account 
    set
        balance=?,
        created_at=?,
        created_by=?,
        currency=?,
        customer_id=?,
        last_modified_by=?,
        status=?,
        over_draft=? 
    where
        id=?
Hibernate: 
    select
        ba1_0.id,
        ba1_0.type,
        ba1_0.balance,
        ba1_0.created_at,
        ba1_0.created_by,
        ba1_0.currency,
        c1_0.id,
        c1_0.created_by,
        c1_0.email,
        c1_0.last_modified_by,
        c1_0.name,
        c1_0.phone,
        ba1_0.last_modified_by,
        ba1_0.status,
        ba1_0.over_draft,
        ba1_0.interest_rate 
    from
        bank_account ba1_0 
    left join
        customer c1_0 
            on c1_0.id=ba1_0.customer_id 
    where
        ba1_0.id=?
Hibernate: 
    insert 
    into
        account_operation
        (amount, bank_account_id, created_by, description, operation_date, type, id) 
    values
        (?, ?, ?, ?, ?, ?, default)
Hibernate: 
    update
        bank_account 
    set
        balance=?,
        created_at=?,
        created_by=?,
        currency=?,
        customer_id=?,
        last_modified_by=?,
        status=?,
        over_draft=? 
    where
        id=?
Hibernate: 
    select
        ba1_0.id,
        ba1_0.type,
        ba1_0.balance,
        ba1_0.created_at,
        ba1_0.created_by,
        ba1_0.currency,
        c1_0.id,
        c1_0.created_by,
        c1_0.email,
        c1_0.last_modified_by,
        c1_0.name,
        c1_0.phone,
        ba1_0.last_modified_by,
        ba1_0.status,
        ba1_0.over_draft,
        ba1_0.interest_rate 
    from
        bank_account ba1_0 
    left join
        customer c1_0 
            on c1_0.id=ba1_0.customer_id 
    where
        ba1_0.id=?
Hibernate: 
    insert 
    into
        account_operation
        (amount, bank_account_id, created_by, description, operation_date, type, id) 
    values
        (?, ?, ?, ?, ?, ?, default)
Hibernate: 
    update
        bank_account 
    set
        balance=?,
        created_at=?,
        created_by=?,
        currency=?,
        customer_id=?,
        last_modified_by=?,
        status=?,
        over_draft=? 
    where
        id=?
Hibernate: 
    select
        ba1_0.id,
        ba1_0.type,
        ba1_0.balance,
        ba1_0.created_at,
        ba1_0.created_by,
        ba1_0.currency,
        c1_0.id,
        c1_0.created_by,
        c1_0.email,
        c1_0.last_modified_by,
        c1_0.name,
        c1_0.phone,
        ba1_0.last_modified_by,
        ba1_0.status,
        ba1_0.over_draft,
        ba1_0.interest_rate 
    from
        bank_account ba1_0 
    left join
        customer c1_0 
            on c1_0.id=ba1_0.customer_id 
    where
        ba1_0.id=?
Hibernate: 
    insert 
    into
        account_operation
        (amount, bank_account_id, created_by, description, operation_date, type, id) 
    values
        (?, ?, ?, ?, ?, ?, default)
Hibernate: 
    update
        bank_account 
    set
        balance=?,
        created_at=?,
        created_by=?,
        currency=?,
        customer_id=?,
        last_modified_by=?,
        status=?,
        over_draft=? 
    where
        id=?
Hibernate: 
    select
        ba1_0.id,
        ba1_0.type,
        ba1_0.balance,
        ba1_0.created_at,
        ba1_0.created_by,
        ba1_0.currency,
        c1_0.id,
        c1_0.created_by,
        c1_0.email,
        c1_0.last_modified_by,
        c1_0.name,
        c1_0.phone,
        ba1_0.last_modified_by,
        ba1_0.status,
        ba1_0.over_draft,
        ba1_0.interest_rate 
    from
        bank_account ba1_0 
    left join
        customer c1_0 
            on c1_0.id=ba1_0.customer_id 
    where
        ba1_0.id=?
Hibernate: 
    insert 
    into
        account_operation
        (amount, bank_account_id, created_by, description, operation_date, type, id) 
    values
        (?, ?, ?, ?, ?, ?, default)
Hibernate: 
    update
        bank_account 
    set
        balance=?,
        created_at=?,
        created_by=?,
        currency=?,
        customer_id=?,
        last_modified_by=?,
        status=?,
        over_draft=? 
    where
        id=?
Hibernate: 
    select
        ba1_0.id,
        ba1_0.type,
        ba1_0.balance,
        ba1_0.created_at,
        ba1_0.created_by,
        ba1_0.currency,
        c1_0.id,
        c1_0.created_by,
        c1_0.email,
        c1_0.last_modified_by,
        c1_0.name,
        c1_0.phone,
        ba1_0.last_modified_by,
        ba1_0.status,
        ba1_0.over_draft,
        ba1_0.interest_rate 
    from
        bank_account ba1_0 
    left join
        customer c1_0 
            on c1_0.id=ba1_0.customer_id 
    where
        ba1_0.id=?
Hibernate: 
    insert 
    into
        account_operation
        (amount, bank_account_id, created_by, description, operation_date, type, id) 
    values
        (?, ?, ?, ?, ?, ?, default)
Hibernate: 
    update
        bank_account 
    set
        balance=?,
        created_at=?,
        created_by=?,
        currency=?,
        customer_id=?,
        last_modified_by=?,
        status=?,
        interest_rate=? 
    where
        id=?
Hibernate: 
    select
        ba1_0.id,
        ba1_0.type,
        ba1_0.balance,
        ba1_0.created_at,
        ba1_0.created_by,
        ba1_0.currency,
        c1_0.id,
        c1_0.created_by,
        c1_0.email,
        c1_0.last_modified_by,
        c1_0.name,
        c1_0.phone,
        ba1_0.last_modified_by,
        ba1_0.status,
        ba1_0.over_draft,
        ba1_0.interest_rate 
    from
        bank_account ba1_0 
    left join
        customer c1_0 
            on c1_0.id=ba1_0.customer_id 
    where
        ba1_0.id=?
Hibernate: 
    insert 
    into
        account_operation
        (amount, bank_account_id, created_by, description, operation_date, type, id) 
    values
        (?, ?, ?, ?, ?, ?, default)
Hibernate: 
    update
        bank_account 
    set
        balance=?,
        created_at=?,
        created_by=?,
        currency=?,
        customer_id=?,
        last_modified_by=?,
        status=?,
        interest_rate=? 
    where
        id=?
Hibernate: 
    select
        ba1_0.id,
        ba1_0.type,
        ba1_0.balance,
        ba1_0.created_at,
        ba1_0.created_by,
        ba1_0.currency,
        c1_0.id,
        c1_0.created_by,
        c1_0.email,
        c1_0.last_modified_by,
        c1_0.name,
        c1_0.phone,
        ba1_0.last_modified_by,
        ba1_0.status,
        ba1_0.over_draft,
        ba1_0.interest_rate 
    from
        bank_account ba1_0 
    left join
        customer c1_0 
            on c1_0.id=ba1_0.customer_id 
    where
        ba1_0.id=?
Hibernate: 
    insert 
    into
        account_operation
        (amount, bank_account_id, created_by, description, operation_date, type, id) 
    values
        (?, ?, ?, ?, ?, ?, default)
Hibernate: 
    update
        bank_account 
    set
        balance=?,
        created_at=?,
        created_by=?,
        currency=?,
        customer_id=?,
        last_modified_by=?,
        status=?,
        interest_rate=? 
    where
        id=?
Hibernate: 
    select
        ba1_0.id,
        ba1_0.type,
        ba1_0.balance,
        ba1_0.created_at,
        ba1_0.created_by,
        ba1_0.currency,
        c1_0.id,
        c1_0.created_by,
        c1_0.email,
        c1_0.last_modified_by,
        c1_0.name,
        c1_0.phone,
        ba1_0.last_modified_by,
        ba1_0.status,
        ba1_0.over_draft,
        ba1_0.interest_rate 
    from
        bank_account ba1_0 
    left join
        customer c1_0 
            on c1_0.id=ba1_0.customer_id 
    where
        ba1_0.id=?
Hibernate: 
    insert 
    into
        account_operation
        (amount, bank_account_id, created_by, description, operation_date, type, id) 
    values
        (?, ?, ?, ?, ?, ?, default)
Hibernate: 
    update
        bank_account 
    set
        balance=?,
        created_at=?,
        created_by=?,
        currency=?,
        customer_id=?,
        last_modified_by=?,
        status=?,
        interest_rate=? 
    where
        id=?
Hibernate: 
    select
        ba1_0.id,
        ba1_0.type,
        ba1_0.balance,
        ba1_0.created_at,
        ba1_0.created_by,
        ba1_0.currency,
        c1_0.id,
        c1_0.created_by,
        c1_0.email,
        c1_0.last_modified_by,
        c1_0.name,
        c1_0.phone,
        ba1_0.last_modified_by,
        ba1_0.status,
        ba1_0.over_draft,
        ba1_0.interest_rate 
    from
        bank_account ba1_0 
    left join
        customer c1_0 
            on c1_0.id=ba1_0.customer_id 
    where
        ba1_0.id=?
Hibernate: 
    insert 
    into
        account_operation
        (amount, bank_account_id, created_by, description, operation_date, type, id) 
    values
        (?, ?, ?, ?, ?, ?, default)
Hibernate: 
    update
        bank_account 
    set
        balance=?,
        created_at=?,
        created_by=?,
        currency=?,
        customer_id=?,
        last_modified_by=?,
        status=?,
        interest_rate=? 
    where
        id=?
Hibernate: 
    select
        ba1_0.id,
        ba1_0.type,
        ba1_0.balance,
        ba1_0.created_at,
        ba1_0.created_by,
        ba1_0.currency,
        c1_0.id,
        c1_0.created_by,
        c1_0.email,
        c1_0.last_modified_by,
        c1_0.name,
        c1_0.phone,
        ba1_0.last_modified_by,
        ba1_0.status,
        ba1_0.over_draft,
        ba1_0.interest_rate 
    from
        bank_account ba1_0 
    left join
        customer c1_0 
            on c1_0.id=ba1_0.customer_id 
    where
        ba1_0.id=?
Hibernate: 
    insert 
    into
        account_operation
        (amount, bank_account_id, created_by, description, operation_date, type, id) 
    values
        (?, ?, ?, ?, ?, ?, default)
Hibernate: 
    update
        bank_account 
    set
        balance=?,
        created_at=?,
        created_by=?,
        currency=?,
        customer_id=?,
        last_modified_by=?,
        status=?,
        over_draft=? 
    where
        id=?
Hibernate: 
    select
        ba1_0.id,
        ba1_0.type,
        ba1_0.balance,
        ba1_0.created_at,
        ba1_0.created_by,
        ba1_0.currency,
        c1_0.id,
        c1_0.created_by,
        c1_0.email,
        c1_0.last_modified_by,
        c1_0.name,
        c1_0.phone,
        ba1_0.last_modified_by,
        ba1_0.status,
        ba1_0.over_draft,
        ba1_0.interest_rate 
    from
        bank_account ba1_0 
    left join
        customer c1_0 
            on c1_0.id=ba1_0.customer_id 
    where
        ba1_0.id=?
Hibernate: 
    insert 
    into
        account_operation
        (amount, bank_account_id, created_by, description, operation_date, type, id) 
    values
        (?, ?, ?, ?, ?, ?, default)
Hibernate: 
    update
        bank_account 
    set
        balance=?,
        created_at=?,
        created_by=?,
        currency=?,
        customer_id=?,
        last_modified_by=?,
        status=?,
        over_draft=? 
    where
        id=?
Hibernate: 
    select
        ba1_0.id,
        ba1_0.type,
        ba1_0.balance,
        ba1_0.created_at,
        ba1_0.created_by,
        ba1_0.currency,
        c1_0.id,
        c1_0.created_by,
        c1_0.email,
        c1_0.last_modified_by,
        c1_0.name,
        c1_0.phone,
        ba1_0.last_modified_by,
        ba1_0.status,
        ba1_0.over_draft,
        ba1_0.interest_rate 
    from
        bank_account ba1_0 
    left join
        customer c1_0 
            on c1_0.id=ba1_0.customer_id 
    where
        ba1_0.id=?
Hibernate: 
    insert 
    into
        account_operation
        (amount, bank_account_id, created_by, description, operation_date, type, id) 
    values
        (?, ?, ?, ?, ?, ?, default)
Hibernate: 
    update
        bank_account 
    set
        balance=?,
        created_at=?,
        created_by=?,
        currency=?,
        customer_id=?,
        last_modified_by=?,
        status=?,
        over_draft=? 
    where
        id=?
Hibernate: 
    select
        ba1_0.id,
        ba1_0.type,
        ba1_0.balance,
        ba1_0.created_at,
        ba1_0.created_by,
        ba1_0.currency,
        c1_0.id,
        c1_0.created_by,
        c1_0.email,
        c1_0.last_modified_by,
        c1_0.name,
        c1_0.phone,
        ba1_0.last_modified_by,
        ba1_0.status,
        ba1_0.over_draft,
        ba1_0.interest_rate 
    from
        bank_account ba1_0 
    left join
        customer c1_0 
            on c1_0.id=ba1_0.customer_id 
    where
        ba1_0.id=?
Hibernate: 
    insert 
    into
        account_operation
        (amount, bank_account_id, created_by, description, operation_date, type, id) 
    values
        (?, ?, ?, ?, ?, ?, default)
Hibernate: 
    update
        bank_account 
    set
        balance=?,
        created_at=?,
        created_by=?,
        currency=?,
        customer_id=?,
        last_modified_by=?,
        status=?,
        over_draft=? 
    where
        id=?
Hibernate: 
    select
        ba1_0.id,
        ba1_0.type,
        ba1_0.balance,
        ba1_0.created_at,
        ba1_0.created_by,
        ba1_0.currency,
        c1_0.id,
        c1_0.created_by,
        c1_0.email,
        c1_0.last_modified_by,
        c1_0.name,
        c1_0.phone,
        ba1_0.last_modified_by,
        ba1_0.status,
        ba1_0.over_draft,
        ba1_0.interest_rate 
    from
        bank_account ba1_0 
    left join
        customer c1_0 
            on c1_0.id=ba1_0.customer_id 
    where
        ba1_0.id=?
Hibernate: 
    insert 
    into
        account_operation
        (amount, bank_account_id, created_by, description, operation_date, type, id) 
    values
        (?, ?, ?, ?, ?, ?, default)
Hibernate: 
    update
        bank_account 
    set
        balance=?,
        created_at=?,
        created_by=?,
        currency=?,
        customer_id=?,
        last_modified_by=?,
        status=?,
        over_draft=? 
    where
        id=?
Hibernate: 
    select
        ba1_0.id,
        ba1_0.type,
        ba1_0.balance,
        ba1_0.created_at,
        ba1_0.created_by,
        ba1_0.currency,
        c1_0.id,
        c1_0.created_by,
        c1_0.email,
        c1_0.last_modified_by,
        c1_0.name,
        c1_0.phone,
        ba1_0.last_modified_by,
        ba1_0.status,
        ba1_0.over_draft,
        ba1_0.interest_rate 
    from
        bank_account ba1_0 
    left join
        customer c1_0 
            on c1_0.id=ba1_0.customer_id 
    where
        ba1_0.id=?
Hibernate: 
    insert 
    into
        account_operation
        (amount, bank_account_id, created_by, description, operation_date, type, id) 
    values
        (?, ?, ?, ?, ?, ?, default)
Hibernate: 
    update
        bank_account 
    set
        balance=?,
        created_at=?,
        created_by=?,
        currency=?,
        customer_id=?,
        last_modified_by=?,
        status=?,
        over_draft=? 
    where
        id=?
Hibernate: 
    select
        ba1_0.id,
        ba1_0.type,
        ba1_0.balance,
        ba1_0.created_at,
        ba1_0.created_by,
        ba1_0.currency,
        c1_0.id,
        c1_0.created_by,
        c1_0.email,
        c1_0.last_modified_by,
        c1_0.name,
        c1_0.phone,
        ba1_0.last_modified_by,
        ba1_0.status,
        ba1_0.over_draft,
        ba1_0.interest_rate 
    from
        bank_account ba1_0 
    left join
        customer c1_0 
            on c1_0.id=ba1_0.customer_id 
    where
        ba1_0.id=?
Hibernate: 
    insert 
    into
        account_operation
        (amount, bank_account_id, created_by, description, operation_date, type, id) 
    values
        (?, ?, ?, ?, ?, ?, default)
Hibernate: 
    update
        bank_account 
    set
        balance=?,
        created_at=?,
        created_by=?,
        currency=?,
        customer_id=?,
        last_modified_by=?,
        status=?,
        over_draft=? 
    where
        id=?
Hibernate: 
    select
        ba1_0.id,
        ba1_0.type,
        ba1_0.balance,
        ba1_0.created_at,
        ba1_0.created_by,
        ba1_0.currency,
        c1_0.id,
        c1_0.created_by,
        c1_0.email,
        c1_0.last_modified_by,
        c1_0.name,
        c1_0.phone,
        ba1_0.last_modified_by,
        ba1_0.status,
        ba1_0.over_draft,
        ba1_0.interest_rate 
    from
        bank_account ba1_0 
    left join
        customer c1_0 
            on c1_0.id=ba1_0.customer_id 
    where
        ba1_0.id=?
Hibernate: 
    insert 
    into
        account_operation
        (amount, bank_account_id, created_by, description, operation_date, type, id) 
    values
        (?, ?, ?, ?, ?, ?, default)
Hibernate: 
    update
        bank_account 
    set
        balance=?,
        created_at=?,
        created_by=?,
        currency=?,
        customer_id=?,
        last_modified_by=?,
        status=?,
        over_draft=? 
    where
        id=?
Hibernate: 
    select
        ba1_0.id,
        ba1_0.type,
        ba1_0.balance,
        ba1_0.created_at,
        ba1_0.created_by,
        ba1_0.currency,
        c1_0.id,
        c1_0.created_by,
        c1_0.email,
        c1_0.last_modified_by,
        c1_0.name,
        c1_0.phone,
        ba1_0.last_modified_by,
        ba1_0.status,
        ba1_0.over_draft,
        ba1_0.interest_rate 
    from
        bank_account ba1_0 
    left join
        customer c1_0 
            on c1_0.id=ba1_0.customer_id 
    where
        ba1_0.id=?
Hibernate: 
    insert 
    into
        account_operation
        (amount, bank_account_id, created_by, description, operation_date, type, id) 
    values
        (?, ?, ?, ?, ?, ?, default)
Hibernate: 
    update
        bank_account 
    set
        balance=?,
        created_at=?,
        created_by=?,
        currency=?,
        customer_id=?,
        last_modified_by=?,
        status=?,
        over_draft=? 
    where
        id=?
Hibernate: 
    select
        ba1_0.id,
        ba1_0.type,
        ba1_0.balance,
        ba1_0.created_at,
        ba1_0.created_by,
        ba1_0.currency,
        c1_0.id,
        c1_0.created_by,
        c1_0.email,
        c1_0.last_modified_by,
        c1_0.name,
        c1_0.phone,
        ba1_0.last_modified_by,
        ba1_0.status,
        ba1_0.over_draft,
        ba1_0.interest_rate 
    from
        bank_account ba1_0 
    left join
        customer c1_0 
            on c1_0.id=ba1_0.customer_id 
    where
        ba1_0.id=?
Hibernate: 
    insert 
    into
        account_operation
        (amount, bank_account_id, created_by, description, operation_date, type, id) 
    values
        (?, ?, ?, ?, ?, ?, default)
Hibernate: 
    update
        bank_account 
    set
        balance=?,
        created_at=?,
        created_by=?,
        currency=?,
        customer_id=?,
        last_modified_by=?,
        status=?,
        over_draft=? 
    where
        id=?
Hibernate: 
    select
        ba1_0.id,
        ba1_0.type,
        ba1_0.balance,
        ba1_0.created_at,
        ba1_0.created_by,
        ba1_0.currency,
        c1_0.id,
        c1_0.created_by,
        c1_0.email,
        c1_0.last_modified_by,
        c1_0.name,
        c1_0.phone,
        ba1_0.last_modified_by,
        ba1_0.status,
        ba1_0.over_draft,
        ba1_0.interest_rate 
    from
        bank_account ba1_0 
    left join
        customer c1_0 
            on c1_0.id=ba1_0.customer_id 
    where
        ba1_0.id=?
Hibernate: 
    insert 
    into
        account_operation
        (amount, bank_account_id, created_by, description, operation_date, type, id) 
    values
        (?, ?, ?, ?, ?, ?, default)
Hibernate: 
    update
        bank_account 
    set
        balance=?,
        created_at=?,
        created_by=?,
        currency=?,
        customer_id=?,
        last_modified_by=?,
        status=?,
        interest_rate=? 
    where
        id=?
Hibernate: 
    select
        ba1_0.id,
        ba1_0.type,
        ba1_0.balance,
        ba1_0.created_at,
        ba1_0.created_by,
        ba1_0.currency,
        c1_0.id,
        c1_0.created_by,
        c1_0.email,
        c1_0.last_modified_by,
        c1_0.name,
        c1_0.phone,
        ba1_0.last_modified_by,
        ba1_0.status,
        ba1_0.over_draft,
        ba1_0.interest_rate 
    from
        bank_account ba1_0 
    left join
        customer c1_0 
            on c1_0.id=ba1_0.customer_id 
    where
        ba1_0.id=?
Hibernate: 
    insert 
    into
        account_operation
        (amount, bank_account_id, created_by, description, operation_date, type, id) 
    values
        (?, ?, ?, ?, ?, ?, default)
Hibernate: 
    update
        bank_account 
    set
        balance=?,
        created_at=?,
        created_by=?,
        currency=?,
        customer_id=?,
        last_modified_by=?,
        status=?,
        interest_rate=? 
    where
        id=?
Hibernate: 
    select
        ba1_0.id,
        ba1_0.type,
        ba1_0.balance,
        ba1_0.created_at,
        ba1_0.created_by,
        ba1_0.currency,
        c1_0.id,
        c1_0.created_by,
        c1_0.email,
        c1_0.last_modified_by,
        c1_0.name,
        c1_0.phone,
        ba1_0.last_modified_by,
        ba1_0.status,
        ba1_0.over_draft,
        ba1_0.interest_rate 
    from
        bank_account ba1_0 
    left join
        customer c1_0 
            on c1_0.id=ba1_0.customer_id 
    where
        ba1_0.id=?
Hibernate: 
    insert 
    into
        account_operation
        (amount, bank_account_id, created_by, description, operation_date, type, id) 
    values
        (?, ?, ?, ?, ?, ?, default)
Hibernate: 
    update
        bank_account 
    set
        balance=?,
        created_at=?,
        created_by=?,
        currency=?,
        customer_id=?,
        last_modified_by=?,
        status=?,
        interest_rate=? 
    where
        id=?
Hibernate: 
    select
        ba1_0.id,
        ba1_0.type,
        ba1_0.balance,
        ba1_0.created_at,
        ba1_0.created_by,
        ba1_0.currency,
        c1_0.id,
        c1_0.created_by,
        c1_0.email,
        c1_0.last_modified_by,
        c1_0.name,
        c1_0.phone,
        ba1_0.last_modified_by,
        ba1_0.status,
        ba1_0.over_draft,
        ba1_0.interest_rate 
    from
        bank_account ba1_0 
    left join
        customer c1_0 
            on c1_0.id=ba1_0.customer_id 
    where
        ba1_0.id=?
Hibernate: 
    insert 
    into
        account_operation
        (amount, bank_account_id, created_by, description, operation_date, type, id) 
    values
        (?, ?, ?, ?, ?, ?, default)
Hibernate: 
    update
        bank_account 
    set
        balance=?,
        created_at=?,
        created_by=?,
        currency=?,
        customer_id=?,
        last_modified_by=?,
        status=?,
        interest_rate=? 
    where
        id=?
Hibernate: 
    select
        ba1_0.id,
        ba1_0.type,
        ba1_0.balance,
        ba1_0.created_at,
        ba1_0.created_by,
        ba1_0.currency,
        c1_0.id,
        c1_0.created_by,
        c1_0.email,
        c1_0.last_modified_by,
        c1_0.name,
        c1_0.phone,
        ba1_0.last_modified_by,
        ba1_0.status,
        ba1_0.over_draft,
        ba1_0.interest_rate 
    from
        bank_account ba1_0 
    left join
        customer c1_0 
            on c1_0.id=ba1_0.customer_id 
    where
        ba1_0.id=?
Hibernate: 
    insert 
    into
        account_operation
        (amount, bank_account_id, created_by, description, operation_date, type, id) 
    values
        (?, ?, ?, ?, ?, ?, default)
Hibernate: 
    update
        bank_account 
    set
        balance=?,
        created_at=?,
        created_by=?,
        currency=?,
        customer_id=?,
        last_modified_by=?,
        status=?,
        interest_rate=? 
    where
        id=?
Database seeding complete!
]]></system-out>
  </testcase>
</testsuite>